#
# A fatal error has been detected by the Java Runtime Environment:
#
#  EXCEPTION_ACCESS_VIOLATION (0xc0000005) at pc=0x000000006fc982b5, pid=4284, tid=9452
#
# JRE version: Java(TM) SE Runtime Environment (8.0_45-b15) (build 1.8.0_45-b15)
# Java VM: Java HotSpot(TM) 64-Bit Server VM (25.45-b02 mixed mode windows-amd64 compressed oops)
# Problematic frame:
# V  [jvm.dll+0x1282b5]
#
# Failed to write core dump. Minidumps are not enabled by default on client versions of Windows
#
# If you would like to submit a bug report, please visit:
#   http://bugreport.java.com/bugreport/crash.jsp
#

---------------  T H R E A D  ---------------

Current thread (0x0000000017aef800):  JavaThread "JDWP Transport Listener: dt_socket" daemon [_thread_in_vm, id=9452, stack(0x00000000198a0000,0x00000000199a0000)]

siginfo: ExceptionCode=0xc0000005, reading address 0xffffffffffffffff

Registers:
RAX=0x000000001999f701, RBX=0x0000000017aef800, RCX=0x3b6e6f6974706563, RDX=0x0000000000000000
RSP=0x000000001999f6f0, RBP=0x3b6e6f6974706563, RSI=0x000000001999f808, RDI=0x0000000002684710
R8 =0x0000000017aef800, R9 =0x000000000000ff00, R10=0x2f72624c3c747369, R11=0x2100c9b20c22007b
R12=0x0000000000000000, R13=0x0000000018e73e08, R14=0x0000000000000000, R15=0x0000000000000000
RIP=0x000000006fc982b5, EFLAGS=0x0000000000010206

Top of Stack: (sp=0x000000001999f6f0)
0x000000001999f6f0:   0000000017aef800 0000000017aef800
0x000000001999f700:   000000001999f7b8 000000006fe9c7db
0x000000001999f710:   0000000017aef800 000000006feb903d
0x000000001999f720:   0000000000000070 000000006cb59155
0x000000001999f730:   000000001c2f5da8 000000006cb6291e
0x000000001999f740:   0000000017aef800 0000000000000000
0x000000001999f750:   0000000000000000 0000000000000000
0x000000001999f760:   3b6e6f6974706563 000000006cb61a15
0x000000001999f770:   000000001999f808 000000001999f7e0
0x000000001999f780:   0000000000000001 000000001c2f5da8
0x000000001999f790:   3b6e6f6974706563 000000006cb453b3
0x000000001999f7a0:   000000001999f8d0 0000000000000001
0x000000001999f7b0:   0000000000000001 000000001c2f5da8
0x000000001999f7c0:   0000000000000001 0000000000000000
0x000000001999f7d0:   0000000000000000 0000000000000000
0x000000001999f7e0:   0000000000000001 000000006cb45571 

Instructions: (pc=0x000000006fc982b5)
0x000000006fc98295:   cc cc cc cc cc cc cc cc cc cc cc 48 83 ec 28 48
0x000000006fc982a5:   85 c9 75 07 33 c0 48 83 c4 28 c3 48 89 5c 24 20
0x000000006fc982b5:   48 8b 19 48 85 db 74 20 48 83 fb 37 74 1a 48 8b
0x000000006fc982c5:   13 48 8b cb ff 52 10 84 c0 74 0d 48 8b c3 48 8b 


Register to memory mapping:

RAX=0x000000001999f701 is pointing into the stack for thread: 0x0000000017aef800
RBX=0x0000000017aef800 is a thread
RCX=0x3b6e6f6974706563 is an unknown value
RDX=0x0000000000000000 is an unknown value
RSP=0x000000001999f6f0 is pointing into the stack for thread: 0x0000000017aef800
RBP=0x3b6e6f6974706563 is an unknown value
RSI=0x000000001999f808 is pointing into the stack for thread: 0x0000000017aef800
RDI=0x0000000002684710 is an unknown value
R8 =0x0000000017aef800 is a thread
R9 =0x000000000000ff00 is an unknown value
R10=0x2f72624c3c747369 is an unknown value
R11=0x2100c9b20c22007b is an unknown value
R12=0x0000000000000000 is an unknown value
R13=0x0000000018e73e08 is an unknown value
R14=0x0000000000000000 is an unknown value
R15=0x0000000000000000 is an unknown value


Stack: [0x00000000198a0000,0x00000000199a0000],  sp=0x000000001999f6f0,  free space=1021k
Native frames: (J=compiled Java code, j=interpreted, Vv=VM code, C=native code)
V  [jvm.dll+0x1282b5]
V  [jvm.dll+0x34903d]
C  [jdwp.dll+0x21a15]
C  [jdwp.dll+0x53b3]
C  [jdwp.dll+0x5571]
C  [jdwp.dll+0xf0a8]
C  [jdwp.dll+0x1f2d5]
C  [jdwp.dll+0x1f4aa]
V  [jvm.dll+0x1bae98]
V  [jvm.dll+0x241984]
V  [jvm.dll+0x29853a]
C  [msvcr100.dll+0x21d9f]
C  [msvcr100.dll+0x21e3b]
C  [kernel32.dll+0x159bd]
C  [ntdll.dll+0x2a2e1]


---------------  P R O C E S S  ---------------

Java Threads: ( => current thread )
  0x000000001ca4f000 JavaThread "logback-1" daemon [_thread_blocked, id=10096, stack(0x0000000035ab0000,0x0000000035bb0000)]
  0x000000001e033000 JavaThread "HystrixTimer-4" daemon [_thread_blocked, id=11444, stack(0x00000000362a0000,0x00000000363a0000)]
  0x000000001e031800 JavaThread "HystrixTimer-3" daemon [_thread_blocked, id=11552, stack(0x0000000036080000,0x0000000036180000)]
  0x000000001e030000 JavaThread "HystrixTimer-2" daemon [_thread_blocked, id=8944, stack(0x00000000358e0000,0x00000000359e0000)]
  0x000000001e02e800 JavaThread "XNIO-2 task-32" [_thread_blocked, id=11948, stack(0x0000000035c40000,0x0000000035d40000)]
  0x000000001df7d800 JavaThread "XNIO-2 task-31" [_thread_blocked, id=8284, stack(0x00000000357c0000,0x00000000358c0000)]
  0x000000001df7c000 JavaThread "XNIO-2 task-30" [_thread_blocked, id=10104, stack(0x00000000355a0000,0x00000000356a0000)]
  0x000000001df7d000 JavaThread "XNIO-2 task-29" [_thread_blocked, id=8708, stack(0x0000000035170000,0x0000000035270000)]
  0x000000001df7b800 JavaThread "XNIO-2 task-28" [_thread_blocked, id=11796, stack(0x0000000035440000,0x0000000035540000)]
  0x000000001df7a000 JavaThread "XNIO-2 task-27" [_thread_blocked, id=4904, stack(0x0000000035060000,0x0000000035160000)]
  0x000000001df7a800 JavaThread "XNIO-2 task-26" [_thread_blocked, id=3440, stack(0x00000000352f0000,0x00000000353f0000)]
  0x000000001df78800 JavaThread "XNIO-2 task-25" [_thread_blocked, id=10000, stack(0x0000000034c40000,0x0000000034d40000)]
  0x000000001df79000 JavaThread "AsyncResolver-bootstrap-executor-0" daemon [_thread_blocked, id=10988, stack(0x0000000034f00000,0x0000000035000000)]
  0x000000001e2a3000 JavaThread "XNIO-2 task-24" [_thread_blocked, id=8696, stack(0x0000000034b00000,0x0000000034c00000)]
  0x000000001df77800 JavaThread "XNIO-2 task-23" [_thread_blocked, id=13064, stack(0x0000000034d90000,0x0000000034e90000)]
  0x000000001e2a2000 JavaThread "XNIO-2 task-22" [_thread_blocked, id=12960, stack(0x0000000034850000,0x0000000034950000)]
  0x000000001e2a0800 JavaThread "XNIO-2 task-21" [_thread_blocked, id=12636, stack(0x0000000033260000,0x0000000033360000)]
  0x000000001e2a1800 JavaThread "XNIO-2 task-20" [_thread_blocked, id=12124, stack(0x0000000034990000,0x0000000034a90000)]
  0x000000001c327800 JavaThread "XNIO-2 task-19" [_thread_blocked, id=12148, stack(0x0000000034400000,0x0000000034500000)]
  0x000000001c326000 JavaThread "XNIO-2 task-18" [_thread_blocked, id=10972, stack(0x0000000034510000,0x0000000034610000)]
  0x000000001c326800 JavaThread "XNIO-2 task-17" [_thread_blocked, id=8504, stack(0x0000000034650000,0x0000000034750000)]
  0x000000001c325000 JavaThread "XNIO-2 task-16" [_thread_blocked, id=11496, stack(0x0000000034300000,0x0000000034400000)]
  0x000000001c323800 JavaThread "XNIO-2 task-15" [_thread_blocked, id=10460, stack(0x0000000032af0000,0x0000000032bf0000)]
  0x000000001c324800 JavaThread "XNIO-2 task-14" [_thread_blocked, id=10100, stack(0x00000000341f0000,0x00000000342f0000)]
  0x000000001b0b2800 JavaThread "XNIO-2 task-13" [_thread_blocked, id=9656, stack(0x0000000031100000,0x0000000031200000)]
  0x000000001c322000 JavaThread "XNIO-2 task-12" [_thread_blocked, id=3376, stack(0x0000000033750000,0x0000000033850000)]
  0x000000001c320800 JavaThread "PollingServerListUpdater-1" daemon [_thread_blocked, id=10092, stack(0x00000000340a0000,0x00000000341a0000)]
  0x000000001e616000 JavaThread "DataPublisher" daemon [_thread_blocked, id=13068, stack(0x0000000033f20000,0x0000000034020000)]
  0x000000001e615000 JavaThread "PollingServerListUpdater-0" daemon [_thread_blocked, id=5040, stack(0x0000000033e10000,0x0000000033f10000)]
  0x000000001e614800 JavaThread "NFLoadBalancer-PingTimer-documents" daemon [_thread_blocked, id=10524, stack(0x0000000033a90000,0x0000000033b90000)]
  0x000000001e613800 JavaThread "RxComputationScheduler-4" daemon [_thread_blocked, id=10912, stack(0x00000000338a0000,0x00000000339a0000)]
  0x000000001e613000 JavaThread "HystrixTimer-1" daemon [_thread_blocked, id=13252, stack(0x0000000033650000,0x0000000033750000)]
  0x000000001e612000 JavaThread "RxComputationScheduler-3" daemon [_thread_blocked, id=11276, stack(0x0000000033470000,0x0000000033570000)]
  0x000000001e611800 JavaThread "RxComputationScheduler-2" daemon [_thread_blocked, id=8648, stack(0x0000000033370000,0x0000000033470000)]
  0x000000001e610800 JavaThread "RxComputationScheduler-1" daemon [_thread_blocked, id=1932, stack(0x0000000033160000,0x0000000033260000)]
  0x000000001e610000 JavaThread "RxIoScheduler-1 (Evictor)" daemon [_thread_blocked, id=13120, stack(0x0000000033020000,0x0000000033120000)]
  0x000000001e60f000 JavaThread "XNIO-2 task-11" [_thread_blocked, id=6972, stack(0x0000000032f00000,0x0000000033000000)]
  0x000000001b0b2000 JavaThread "XNIO-2 task-10" [_thread_blocked, id=11148, stack(0x00000000320d0000,0x00000000321d0000)]
  0x000000001b0ad800 JavaThread "XNIO-2 task-9" [_thread_blocked, id=9464, stack(0x0000000032940000,0x0000000032a40000)]
  0x000000001b0b1000 JavaThread "XNIO-2 task-8" [_thread_blocked, id=8892, stack(0x0000000031320000,0x0000000031420000)]
  0x000000001b0b0800 JavaThread "XNIO-2 task-7" [_thread_blocked, id=12524, stack(0x0000000032830000,0x0000000032930000)]
  0x000000001b0af800 JavaThread "XNIO-2 task-6" [_thread_blocked, id=11980, stack(0x00000000326b0000,0x00000000327b0000)]
  0x000000001b0af000 JavaThread "XNIO-2 task-5" [_thread_blocked, id=13268, stack(0x0000000032500000,0x0000000032600000)]
  0x0000000018fe3800 JavaThread "XNIO-2 task-4" [_thread_blocked, id=3412, stack(0x0000000031f50000,0x0000000032050000)]
  0x000000001b0ae000 JavaThread "XNIO-2 task-3" [_thread_blocked, id=5152, stack(0x0000000032200000,0x0000000032300000)]
  0x000000001b0ac800 JavaThread "DiscoveryClient-2" daemon [_thread_blocked, id=1540, stack(0x0000000031df0000,0x0000000031ef0000)]
  0x000000001b0ac000 JavaThread "DiscoveryClient-HeartbeatExecutor-0" daemon [_thread_blocked, id=5368, stack(0x00000000318a0000,0x00000000319a0000)]
  0x000000001dac7800 JavaThread "DiscoveryClient-CacheRefreshExecutor-0" daemon [_thread_blocked, id=5772, stack(0x000000002e1c0000,0x000000002e2c0000)]
  0x0000000018fe2000 JavaThread "XNIO-2 task-2" [_thread_blocked, id=5544, stack(0x0000000030be0000,0x0000000030ce0000)]
  0x000000001fbec000 JavaThread "elasticsearch[Riot][management][T#2]" daemon [_thread_blocked, id=12416, stack(0x0000000031c90000,0x0000000031d90000)]
  0x000000001dac6800 JavaThread "task-scheduler-10" [_thread_blocked, id=11540, stack(0x0000000031b80000,0x0000000031c80000)]
  0x000000001dac6000 JavaThread "task-scheduler-9" [_thread_blocked, id=2792, stack(0x00000000319a0000,0x0000000031aa0000)]
  0x000000001dac5000 JavaThread "task-scheduler-8" [_thread_blocked, id=10620, stack(0x0000000031740000,0x0000000031840000)]
  0x000000001dac4800 JavaThread "task-scheduler-7" [_thread_blocked, id=10744, stack(0x00000000315e0000,0x00000000316e0000)]
  0x000000001dac3800 JavaThread "task-scheduler-6" [_thread_blocked, id=10920, stack(0x0000000030ad0000,0x0000000030bd0000)]
  0x000000001dac3000 JavaThread "task-scheduler-5" [_thread_blocked, id=8168, stack(0x0000000031220000,0x0000000031320000)]
  0x000000001dac2000 JavaThread "task-scheduler-4" [_thread_blocked, id=4344, stack(0x0000000030fe0000,0x00000000310e0000)]
  0x000000001dac1800 JavaThread "HystrixMetricPoller" daemon [_thread_blocked, id=13168, stack(0x0000000031450000,0x0000000031550000)]
  0x000000001dac0800 JavaThread "XNIO-2 task-1" [_thread_blocked, id=12736, stack(0x0000000030ea0000,0x0000000030fa0000)]
  0x000000001fbed000 JavaThread "elasticsearch[Riot][listener][T#2]" daemon [_thread_blocked, id=1180, stack(0x0000000030d90000,0x0000000030e90000)]
  0x000000001fbeb800 JavaThread "elasticsearch[Riot][listener][T#1]" daemon [_thread_blocked, id=12776, stack(0x0000000030370000,0x0000000030470000)]
  0x000000001fbea000 JavaThread "pool-2-thread-2" [_thread_blocked, id=5948, stack(0x00000000309b0000,0x0000000030ab0000)]
  0x000000001fbea800 JavaThread "DestroyJavaVM" [_thread_blocked, id=11732, stack(0x00000000028f0000,0x00000000029f0000)]
  0x000000001fbe9000 JavaThread "AMQP Connection 192.168.99.100:5672" [_thread_in_native, id=13032, stack(0x0000000030600000,0x0000000030700000)]
  0x000000001fbe8800 JavaThread "XNIO-2 Accept" [_thread_in_native, id=9548, stack(0x0000000030230000,0x0000000030330000)]
  0x000000001fbe7800 JavaThread "XNIO-2 I/O-4" [_thread_in_native, id=2452, stack(0x000000002fc70000,0x000000002fd70000)]
  0x000000001fbe7000 JavaThread "XNIO-2 I/O-3" [_thread_in_native, id=9240, stack(0x000000002ff80000,0x0000000030080000)]
  0x000000001fbe6000 JavaThread "XNIO-2 I/O-2" [_thread_in_native, id=2692, stack(0x000000002fda0000,0x000000002fea0000)]
  0x000000001bb07000 JavaThread "XNIO-2 I/O-1" [_thread_in_native, id=8888, stack(0x000000002f7d0000,0x000000002f8d0000)]
  0x000000001bb06800 JavaThread "task-scheduler-3" [_thread_blocked, id=12156, stack(0x000000002fad0000,0x000000002fbd0000)]
  0x000000001bb05800 JavaThread "HystrixMetricPoller" daemon [_thread_blocked, id=4432, stack(0x00000000304c0000,0x00000000305c0000)]
  0x000000001bb05000 JavaThread "task-scheduler-2" [_thread_blocked, id=3972, stack(0x00000000300b0000,0x00000000301b0000)]
  0x000000001bb04000 JavaThread "DiscoveryClient-InstanceInfoReplicator-0" daemon [_thread_blocked, id=12980, stack(0x000000002f900000,0x000000002fa00000)]
  0x000000001bb03800 JavaThread "DiscoveryClient-1" daemon [_thread_blocked, id=8700, stack(0x000000002f5d0000,0x000000002f6d0000)]
  0x000000001bb02800 JavaThread "DiscoveryClient-0" daemon [_thread_blocked, id=13256, stack(0x000000002f6d0000,0x000000002f7d0000)]
  0x000000001bb02000 JavaThread "AsyncResolver-bootstrap-0" daemon [_thread_blocked, id=7200, stack(0x000000002f090000,0x000000002f190000)]
  0x000000001bb01000 JavaThread "Eureka-JerseyClient-Conn-Cleaner2" daemon [_thread_blocked, id=9996, stack(0x000000002eee0000,0x000000002efe0000)]
  0x000000001bb00800 JavaThread "Eureka-JerseyClient-Conn-Cleaner2" daemon [_thread_blocked, id=8864, stack(0x000000002e8e0000,0x000000002e9e0000)]
  0x0000000018fe4000 JavaThread "task-scheduler-1" [_thread_blocked, id=12092, stack(0x000000002dc10000,0x000000002dd10000)]
  0x0000000018fe2800 JavaThread "H2 Console Server (http://192.168.56.1:8193)" [_thread_in_native, id=12396, stack(0x000000002e360000,0x000000002e460000)]
  0x0000000018fe1000 JavaThread "elasticsearch[Riot][generic][T#1]" daemon [_thread_blocked, id=10604, stack(0x000000002de20000,0x000000002df20000)]
  0x0000000018fe0800 JavaThread "elasticsearch[Riot][management][T#1]" daemon [_thread_blocked, id=10568, stack(0x000000002df60000,0x000000002e060000)]
  0x0000000018fdf800 JavaThread "elasticsearch[Riot][clusterService#updateTask][T#1]" daemon [_thread_blocked, id=8400, stack(0x000000002d790000,0x000000002d890000)]
  0x0000000018fdf000 JavaThread "elasticsearch[Riot][[ttl_expire]]" daemon [_thread_blocked, id=9476, stack(0x000000002dd20000,0x000000002de20000)]
  0x0000000018fde000 JavaThread "elasticsearch[Riot][scheduler][T#1]" daemon [_thread_blocked, id=9792, stack(0x000000002d8a0000,0x000000002d9a0000)]
  0x0000000027679000 JavaThread "elasticsearch[Riot][[timer]]" daemon [_thread_blocked, id=4664, stack(0x000000002bba0000,0x000000002bca0000)]
  0x000000001c41f000 JavaThread "spring.cloud.inetutils" daemon [_thread_blocked, id=8724, stack(0x0000000022900000,0x0000000022a00000)]
  0x000000002972b000 JavaThread "Thread-6" [_thread_blocked, id=12048, stack(0x0000000019730000,0x0000000019830000)]
  0x0000000021d2b000 JavaThread "Thread-5" [_thread_blocked, id=10320, stack(0x000000001ff90000,0x0000000020090000)]
  0x000000002902c000 JavaThread "Tomcat JDBC Pool Cleaner[349885916:1474585588236]" daemon [_thread_blocked, id=13300, stack(0x000000001ea60000,0x000000001eb60000)]
  0x000000001e219800 JavaThread "XNIO-1 Accept" daemon [_thread_in_native, id=11752, stack(0x0000000026cf0000,0x0000000026df0000)]
  0x0000000027835800 JavaThread "XNIO-1 I/O-1" daemon [_thread_in_native, id=1504, stack(0x00000000227e0000,0x00000000228e0000)]
  0x0000000018eff800 JavaThread "Service Thread" daemon [_thread_blocked, id=9112, stack(0x000000001a220000,0x000000001a320000)]
  0x0000000018e8d800 JavaThread "C1 CompilerThread2" daemon [_thread_blocked, id=9760, stack(0x0000000019fb0000,0x000000001a0b0000)]
  0x0000000018e8a800 JavaThread "C2 CompilerThread1" daemon [_thread_blocked, id=12276, stack(0x0000000019b40000,0x0000000019c40000)]
  0x0000000018e88800 JavaThread "C2 CompilerThread0" daemon [_thread_blocked, id=4012, stack(0x0000000019dd0000,0x0000000019ed0000)]
  0x0000000018e7c800 JavaThread "JDWP Command Reader" daemon [_thread_in_native, id=12880, stack(0x0000000019c90000,0x0000000019d90000)]
  0x0000000018e79800 JavaThread "JDWP Event Helper Thread" daemon [_thread_blocked, id=10040, stack(0x0000000019a20000,0x0000000019b20000)]
=>0x0000000017aef800 JavaThread "JDWP Transport Listener: dt_socket" daemon [_thread_in_vm, id=9452, stack(0x00000000198a0000,0x00000000199a0000)]
  0x0000000017ae5800 JavaThread "Attach Listener" daemon [_thread_blocked, id=11404, stack(0x0000000019280000,0x0000000019380000)]
  0x0000000017ae4000 JavaThread "Signal Dispatcher" daemon [_thread_blocked, id=11364, stack(0x0000000018a80000,0x0000000018b80000)]
  0x0000000017aa6000 JavaThread "Finalizer" daemon [_thread_blocked, id=232, stack(0x0000000018d20000,0x0000000018e20000)]
  0x0000000017a9f000 JavaThread "Reference Handler" daemon [_thread_blocked, id=10016, stack(0x0000000018ba0000,0x0000000018ca0000)]

Other Threads:
  0x0000000017a99800 VMThread [stack: 0x0000000018980000,0x0000000018a80000] [id=9416]
  0x0000000018f00800 WatcherThread [stack: 0x000000001a0d0000,0x000000001a1d0000] [id=11480]

VM state:not at safepoint (normal execution)

VM Mutex/Monitor currently owned by a thread: None

Heap:
 PSYoungGen      total 38912K, used 31419K [0x00000000d5f00000, 0x00000000d8680000, 0x0000000100000000)
  eden space 37376K, 81% used [0x00000000d5f00000,0x00000000d7cc6c98,0x00000000d8380000)
  from space 1536K, 60% used [0x00000000d8380000,0x00000000d8468000,0x00000000d8500000)
  to   space 1536K, 0% used [0x00000000d8500000,0x00000000d8500000,0x00000000d8680000)
 ParOldGen       total 207360K, used 126728K [0x0000000081c00000, 0x000000008e680000, 0x00000000d5f00000)
  object space 207360K, 61% used [0x0000000081c00000,0x00000000897c23d8,0x000000008e680000)
 Metaspace       used 116790K, capacity 118440K, committed 118784K, reserved 1153024K
  class space    used 14697K, capacity 14978K, committed 15104K, reserved 1048576K

Card table byte_map: [0x0000000012080000,0x0000000012480000] byte_map_base: 0x0000000011c72000

Marking Bits: (ParMarkBitMap*) 0x0000000070374040
 Begin Bits: [0x0000000012dd0000, 0x0000000014d60000)
 End Bits:   [0x0000000014d60000, 0x0000000016cf0000)

Polling page: 0x0000000000230000

CodeCache: size=245760Kb used=66496Kb max_used=66585Kb free=179263Kb
 bounds [0x0000000002cc0000, 0x0000000006e90000, 0x0000000011cc0000]
 total_blobs=17178 nmethods=16469 adapters=628
 compilation: enabled

Compilation events (10 events):
Event: 68398.619 Thread 0x0000000018e88800 21877       4       java.util.TimSort::sort (229 bytes)
Event: 68398.640 Thread 0x0000000018e88800 nmethod 21877 0x00000000058e0410 code [0x00000000058e05a0, 0x00000000058e1d38]
Event: 68486.272 Thread 0x0000000018e8a800 21878       4       org.springframework.http.converter.json.AbstractJackson2HttpMessageConverter::getJavaType (224 bytes)
Event: 68486.290 Thread 0x0000000018e8a800 nmethod 21878 0x0000000005fdabd0 code [0x0000000005fdae20, 0x0000000005fdbce8]
Event: 68511.284 Thread 0x0000000018e8a800 21879   !   4       org.activiti.engine.impl.interceptor.CommandContext::closeSessions (53 bytes)
Event: 68511.293 Thread 0x0000000018e8a800 nmethod 21879 0x0000000003e5ae10 code [0x0000000003e5afa0, 0x0000000003e5b808]
Event: 68512.605 Thread 0x0000000018e88800 21880       4       org.activiti.engine.impl.db.DbSqlSession::flushUpdates (180 bytes)
Event: 68512.605 Thread 0x0000000018e8a800 21881       4       org.activiti.spring.SpringTransactionContext::commit (1 bytes)
Event: 68512.606 Thread 0x0000000018e8a800 nmethod 21881 0x000000000336c910 code [0x000000000336ca40, 0x000000000336ca98]
Event: 68512.611 Thread 0x0000000018e88800 nmethod 21880 0x000000000515cc50 code [0x000000000515cdc0, 0x000000000515d098]

GC Heap History (10 events):
Event: 68167.414 GC heap before
{Heap before GC invocations=631 (full 4):
 PSYoungGen      total 38912K, used 38768K [0x00000000d5f00000, 0x00000000d8600000, 0x0000000100000000)
  eden space 37888K, 100% used [0x00000000d5f00000,0x00000000d8400000,0x00000000d8400000)
  from space 1024K, 85% used [0x00000000d8500000,0x00000000d85dc010,0x00000000d8600000)
  to   space 1024K, 0% used [0x00000000d8400000,0x00000000d8400000,0x00000000d8500000)
 ParOldGen       total 207360K, used 126616K [0x0000000081c00000, 0x000000008e680000, 0x00000000d5f00000)
  object space 207360K, 61% used [0x0000000081c00000,0x00000000897a63d8,0x000000008e680000)
 Metaspace       used 116771K, capacity 118376K, committed 118528K, reserved 1153024K
  class space    used 14697K, capacity 14978K, committed 15104K, reserved 1048576K
Event: 68167.419 GC heap after
Heap after GC invocations=631 (full 4):
 PSYoungGen      total 38912K, used 800K [0x00000000d5f00000, 0x00000000d8600000, 0x0000000100000000)
  eden space 37888K, 0% used [0x00000000d5f00000,0x00000000d5f00000,0x00000000d8400000)
  from space 1024K, 78% used [0x00000000d8400000,0x00000000d84c8000,0x00000000d8500000)
  to   space 1024K, 0% used [0x00000000d8500000,0x00000000d8500000,0x00000000d8600000)
 ParOldGen       total 207360K, used 126632K [0x0000000081c00000, 0x000000008e680000, 0x00000000d5f00000)
  object space 207360K, 61% used [0x0000000081c00000,0x00000000897aa3d8,0x000000008e680000)
 Metaspace       used 116771K, capacity 118376K, committed 118528K, reserved 1153024K
  class space    used 14697K, capacity 14978K, committed 15104K, reserved 1048576K
}
Event: 68238.504 GC heap before
{Heap before GC invocations=632 (full 4):
 PSYoungGen      total 38912K, used 38688K [0x00000000d5f00000, 0x00000000d8600000, 0x0000000100000000)
  eden space 37888K, 100% used [0x00000000d5f00000,0x00000000d8400000,0x00000000d8400000)
  from space 1024K, 78% used [0x00000000d8400000,0x00000000d84c8000,0x00000000d8500000)
  to   space 1024K, 0% used [0x00000000d8500000,0x00000000d8500000,0x00000000d8600000)
 ParOldGen       total 207360K, used 126632K [0x0000000081c00000, 0x000000008e680000, 0x00000000d5f00000)
  object space 207360K, 61% used [0x0000000081c00000,0x00000000897aa3d8,0x000000008e680000)
 Metaspace       used 116779K, capacity 118440K, committed 118784K, reserved 1153024K
  class space    used 14697K, capacity 14978K, committed 15104K, reserved 1048576K
Event: 68238.518 GC heap after
Heap after GC invocations=632 (full 4):
 PSYoungGen      total 38400K, used 928K [0x00000000d5f00000, 0x00000000d8700000, 0x0000000100000000)
  eden space 37376K, 0% used [0x00000000d5f00000,0x00000000d5f00000,0x00000000d8380000)
  from space 1024K, 90% used [0x00000000d8500000,0x00000000d85e8000,0x00000000d8600000)
  to   space 1536K, 0% used [0x00000000d8380000,0x00000000d8380000,0x00000000d8500000)
 ParOldGen       total 207360K, used 126656K [0x0000000081c00000, 0x000000008e680000, 0x00000000d5f00000)
  object space 207360K, 61% used [0x0000000081c00000,0x00000000897b03d8,0x000000008e680000)
 Metaspace       used 116779K, capacity 118440K, committed 118784K, reserved 1153024K
  class space    used 14697K, capacity 14978K, committed 15104K, reserved 1048576K
}
Event: 68307.015 GC heap before
{Heap before GC invocations=633 (full 4):
 PSYoungGen      total 38400K, used 38301K [0x00000000d5f00000, 0x00000000d8700000, 0x0000000100000000)
  eden space 37376K, 99% used [0x00000000d5f00000,0x00000000d837f5a8,0x00000000d8380000)
  from space 1024K, 90% used [0x00000000d8500000,0x00000000d85e8000,0x00000000d8600000)
  to   space 1536K, 0% used [0x00000000d8380000,0x00000000d8380000,0x00000000d8500000)
 ParOldGen       total 207360K, used 126656K [0x0000000081c00000, 0x000000008e680000, 0x00000000d5f00000)
  object space 207360K, 61% used [0x0000000081c00000,0x00000000897b03d8,0x000000008e680000)
 Metaspace       used 116779K, capacity 118440K, committed 118784K, reserved 1153024K
  class space    used 14697K, capacity 14978K, committed 15104K, reserved 1048576K
Event: 68307.022 GC heap after
Heap after GC invocations=633 (full 4):
 PSYoungGen      total 38912K, used 944K [0x00000000d5f00000, 0x00000000d8680000, 0x0000000100000000)
  eden space 37376K, 0% used [0x00000000d5f00000,0x00000000d5f00000,0x00000000d8380000)
  from space 1536K, 61% used [0x00000000d8380000,0x00000000d846c010,0x00000000d8500000)
  to   space 1536K, 0% used [0x00000000d8500000,0x00000000d8500000,0x00000000d8680000)
 ParOldGen       total 207360K, used 126688K [0x0000000081c00000, 0x000000008e680000, 0x00000000d5f00000)
  object space 207360K, 61% used [0x0000000081c00000,0x00000000897b83d8,0x000000008e680000)
 Metaspace       used 116779K, capacity 118440K, committed 118784K, reserved 1153024K
  class space    used 14697K, capacity 14978K, committed 15104K, reserved 1048576K
}
Event: 68378.508 GC heap before
{Heap before GC invocations=634 (full 4):
 PSYoungGen      total 38912K, used 38320K [0x00000000d5f00000, 0x00000000d8680000, 0x0000000100000000)
  eden space 37376K, 100% used [0x00000000d5f00000,0x00000000d8380000,0x00000000d8380000)
  from space 1536K, 61% used [0x00000000d8380000,0x00000000d846c010,0x00000000d8500000)
  to   space 1536K, 0% used [0x00000000d8500000,0x00000000d8500000,0x00000000d8680000)
 ParOldGen       total 207360K, used 126688K [0x0000000081c00000, 0x000000008e680000, 0x00000000d5f00000)
  object space 207360K, 61% used [0x0000000081c00000,0x00000000897b83d8,0x000000008e680000)
 Metaspace       used 116779K, capacity 118440K, committed 118784K, reserved 1153024K
  class space    used 14697K, capacity 14978K, committed 15104K, reserved 1048576K
Event: 68378.516 GC heap after
Heap after GC invocations=634 (full 4):
 PSYoungGen      total 38912K, used 896K [0x00000000d5f00000, 0x00000000d8680000, 0x0000000100000000)
  eden space 37376K, 0% used [0x00000000d5f00000,0x00000000d5f00000,0x00000000d8380000)
  from space 1536K, 58% used [0x00000000d8500000,0x00000000d85e0000,0x00000000d8680000)
  to   space 1536K, 0% used [0x00000000d8380000,0x00000000d8380000,0x00000000d8500000)
 ParOldGen       total 207360K, used 126704K [0x0000000081c00000, 0x000000008e680000, 0x00000000d5f00000)
  object space 207360K, 61% used [0x0000000081c00000,0x00000000897bc3d8,0x000000008e680000)
 Metaspace       used 116779K, capacity 118440K, committed 118784K, reserved 1153024K
  class space    used 14697K, capacity 14978K, committed 15104K, reserved 1048576K
}
Event: 68456.018 GC heap before
{Heap before GC invocations=635 (full 4):
 PSYoungGen      total 38912K, used 38272K [0x00000000d5f00000, 0x00000000d8680000, 0x0000000100000000)
  eden space 37376K, 100% used [0x00000000d5f00000,0x00000000d8380000,0x00000000d8380000)
  from space 1536K, 58% used [0x00000000d8500000,0x00000000d85e0000,0x00000000d8680000)
  to   space 1536K, 0% used [0x00000000d8380000,0x00000000d8380000,0x00000000d8500000)
 ParOldGen       total 207360K, used 126704K [0x0000000081c00000, 0x000000008e680000, 0x00000000d5f00000)
  object space 207360K, 61% used [0x0000000081c00000,0x00000000897bc3d8,0x000000008e680000)
 Metaspace       used 116779K, capacity 118440K, committed 118784K, reserved 1153024K
  class space    used 14697K, capacity 14978K, committed 15104K, reserved 1048576K
Event: 68456.025 GC heap after
Heap after GC invocations=635 (full 4):
 PSYoungGen      total 38912K, used 928K [0x00000000d5f00000, 0x00000000d8680000, 0x0000000100000000)
  eden space 37376K, 0% used [0x00000000d5f00000,0x00000000d5f00000,0x00000000d8380000)
  from space 1536K, 60% used [0x00000000d8380000,0x00000000d8468000,0x00000000d8500000)
  to   space 1536K, 0% used [0x00000000d8500000,0x00000000d8500000,0x00000000d8680000)
 ParOldGen       total 207360K, used 126728K [0x0000000081c00000, 0x000000008e680000, 0x00000000d5f00000)
  object space 207360K, 61% used [0x0000000081c00000,0x00000000897c23d8,0x000000008e680000)
 Metaspace       used 116779K, capacity 118440K, committed 118784K, reserved 1153024K
  class space    used 14697K, capacity 14978K, committed 15104K, reserved 1048576K
}

Deoptimization events (10 events):
Event: 68498.515 Thread 0x000000001df78800 Uncommon trap: reason=unhandled action=none pc=0x000000000366f2d4 method=java.net.URLClassLoader.findClass(Ljava/lang/String;)Ljava/lang/Class; @ 44
Event: 68498.516 Thread 0x000000001df78800 Uncommon trap: reason=unhandled action=none pc=0x000000000366f2d4 method=java.net.URLClassLoader.findClass(Ljava/lang/String;)Ljava/lang/Class; @ 44
Event: 68498.516 Thread 0x000000001df78800 Uncommon trap: reason=unhandled action=none pc=0x000000000366f2d4 method=java.net.URLClassLoader.findClass(Ljava/lang/String;)Ljava/lang/Class; @ 44
Event: 68498.516 Thread 0x000000001df78800 Uncommon trap: reason=unhandled action=none pc=0x000000000366f2d4 method=java.net.URLClassLoader.findClass(Ljava/lang/String;)Ljava/lang/Class; @ 44
Event: 68498.619 Thread 0x000000001df78800 Uncommon trap: reason=unhandled action=none pc=0x00000000061e4ef8 method=java.lang.Long.parseLong(Ljava/lang/String;I)J @ 13
Event: 68498.619 Thread 0x000000001df78800 Uncommon trap: reason=unhandled action=none pc=0x0000000006e45270 method=sun.net.www.protocol.http.HttpURLConnection$HttpInputStream.ensureOpen()V @ 16
Event: 68498.619 Thread 0x000000001df78800 Uncommon trap: reason=unhandled action=none pc=0x00000000042c80ec method=java.lang.Class.getDeclaredMethod(Ljava/lang/String;[Ljava/lang/Class;)Ljava/lang/reflect/Method; @ 64
Event: 68498.619 Thread 0x000000001df78800 Uncommon trap: reason=unhandled action=none pc=0x00000000042c80ec method=java.lang.Class.getDeclaredMethod(Ljava/lang/String;[Ljava/lang/Class;)Ljava/lang/reflect/Method; @ 64
Event: 68502.014 Thread 0x0000000018fde000 Uncommon trap: reason=unhandled action=none pc=0x000000000380e6e0 method=sun.nio.fs.WindowsException.rethrowAsIOException(Lsun/nio/fs/WindowsPath;Lsun/nio/fs/WindowsPath;)V @ 38
Event: 68502.014 Thread 0x0000000018fde000 Uncommon trap: reason=unhandled action=none pc=0x000000000380e6e0 method=sun.nio.fs.WindowsException.rethrowAsIOException(Lsun/nio/fs/WindowsPath;Lsun/nio/fs/WindowsPath;)V @ 38

Internal exceptions (10 events):
Event: 68472.011 Thread 0x0000000018fde000 Exception <a 'sun/nio/fs/WindowsException'> (0x00000000d68154d8) thrown at [C:\re\workspace\8-2-build-windows-amd64-cygwin\jdk8u45\3627\hotspot\src\share\vm\prims\jni.cpp, line 709]
Event: 68472.011 Thread 0x0000000018fde000 Exception <a 'sun/nio/fs/WindowsException'> (0x00000000d6815a48) thrown at [C:\re\workspace\8-2-build-windows-amd64-cygwin\jdk8u45\3627\hotspot\src\share\vm\prims\jni.cpp, line 709]
Event: 68472.604 Thread 0x000000001dac7800 Exception <a 'java/net/SocketTimeoutException': Read timed out> (0x00000000d6873ed8) thrown at [C:\re\workspace\8-2-build-windows-amd64-cygwin\jdk8u45\3627\hotspot\src\share\vm\prims\jni.cpp, line 735]
Event: 68473.578 Thread 0x0000000018fdf800 Exception <a 'sun/nio/fs/WindowsException'> (0x00000000d68ae200) thrown at [C:\re\workspace\8-2-build-windows-amd64-cygwin\jdk8u45\3627\hotspot\src\share\vm\prims\jni.cpp, line 709]
Event: 68483.843 Thread 0x000000001fbe9000 Exception <a 'java/net/SocketTimeoutException': Read timed out> (0x00000000d6786c18) thrown at [C:\re\workspace\8-2-build-windows-amd64-cygwin\jdk8u45\3627\hotspot\src\share\vm\prims\jni.cpp, line 735]
Event: 68498.843 Thread 0x000000001fbe9000 Exception <a 'java/net/SocketTimeoutException': Read timed out> (0x00000000d6786e18) thrown at [C:\re\workspace\8-2-build-windows-amd64-cygwin\jdk8u45\3627\hotspot\src\share\vm\prims\jni.cpp, line 735]
Event: 68502.011 Thread 0x0000000018fde000 Exception <a 'sun/nio/fs/WindowsException'> (0x00000000d78f3330) thrown at [C:\re\workspace\8-2-build-windows-amd64-cygwin\jdk8u45\3627\hotspot\src\share\vm\prims\jni.cpp, line 709]
Event: 68502.014 Thread 0x0000000018fde000 Exception <a 'sun/nio/fs/WindowsException'> (0x00000000d7955af8) thrown at [C:\re\workspace\8-2-build-windows-amd64-cygwin\jdk8u45\3627\hotspot\src\share\vm\prims\jni.cpp, line 709]
Event: 68502.609 Thread 0x000000001dac7800 Exception <a 'java/net/SocketTimeoutException': Read timed out> (0x00000000d7977bf8) thrown at [C:\re\workspace\8-2-build-windows-amd64-cygwin\jdk8u45\3627\hotspot\src\share\vm\prims\jni.cpp, line 735]
Event: 68515.579 Thread 0x000000001fbe9000 Exception <a 'java/net/SocketTimeoutException': Read timed out> (0x00000000d6787018) thrown at [C:\re\workspace\8-2-build-windows-amd64-cygwin\jdk8u45\3627\hotspot\src\share\vm\prims\jni.cpp, line 735]

Events (10 events):
Event: 68513.389 Executing VM operation: RedefineClasses
Event: 68515.578 Executing VM operation: RedefineClasses done
Event: 68515.579 Thread 0x000000001fbe9000 DEOPT PACKING pc=0x000000000690eb18 sp=0x00000000306fef70
Event: 68515.579 Thread 0x000000001fbe9000 DEOPT UNPACKING pc=0x0000000002d0787f sp=0x00000000306fec08 mode 1
Event: 68515.579 Thread 0x000000001fbe9000 DEOPT PACKING pc=0x0000000004f89ffc sp=0x00000000306feff0
Event: 68515.579 Thread 0x000000001fbe9000 DEOPT UNPACKING pc=0x0000000002d0787f sp=0x00000000306fed10 mode 1
Event: 68515.579 Thread 0x000000001fbe9000 DEOPT PACKING pc=0x00000000031ee098 sp=0x00000000306ff040
Event: 68515.579 Thread 0x000000001fbe9000 DEOPT UNPACKING pc=0x0000000002d0787f sp=0x00000000306fed38 mode 1
Event: 68515.579 Thread 0x000000001fbe9000 DEOPT PACKING pc=0x0000000005f52e30 sp=0x00000000306ff0d0
Event: 68515.579 Thread 0x000000001fbe9000 DEOPT UNPACKING pc=0x0000000002d0787f sp=0x00000000306fed80 mode 1


Dynamic libraries:
0x000000013f920000 - 0x000000013f957000 	C:\desenvolvimento\ferramentas\jdks\jdk1.8.0_45-x64\bin\javaw.exe
0x0000000076e40000 - 0x0000000076fea000 	C:\windows\SYSTEM32\ntdll.dll
0x0000000076c20000 - 0x0000000076d3f000 	C:\windows\system32\kernel32.dll
0x000007fefcc80000 - 0x000007fefccea000 	C:\windows\system32\KERNELBASE.dll
0x0000000074890000 - 0x0000000074918000 	C:\windows\System32\SYSFER.DLL
0x000007fefe0d0000 - 0x000007fefe1ab000 	C:\windows\system32\ADVAPI32.dll
0x000007fefd8a0000 - 0x000007fefd93f000 	C:\windows\system32\msvcrt.dll
0x000007fefd940000 - 0x000007fefd95f000 	C:\windows\SYSTEM32\sechost.dll
0x000007fefd6a0000 - 0x000007fefd7cd000 	C:\windows\system32\RPCRT4.dll
0x0000000076d40000 - 0x0000000076e3a000 	C:\windows\system32\USER32.dll
0x000007fefd360000 - 0x000007fefd3c7000 	C:\windows\system32\GDI32.dll
0x000007fefd350000 - 0x000007fefd35e000 	C:\windows\system32\LPK.dll
0x000007fefdfe0000 - 0x000007fefe0aa000 	C:\windows\system32\USP10.dll
0x000007fefb570000 - 0x000007fefb764000 	C:\windows\WinSxS\amd64_microsoft.windows.common-controls_6595b64144ccf1df_6.0.7601.18837_none_fa3b1e3d17594757\COMCTL32.dll
0x000007fefda00000 - 0x000007fefda71000 	C:\windows\system32\SHLWAPI.dll
0x000007fefcf40000 - 0x000007fefcf6e000 	C:\windows\system32\IMM32.DLL
0x000007fefd240000 - 0x000007fefd349000 	C:\windows\system32\MSCTF.dll
0x0000000053ed0000 - 0x0000000053fa2000 	C:\desenvolvimento\ferramentas\jdks\jdk1.8.0_45-x64\jre\bin\msvcr100.dll
0x000000006fb70000 - 0x00000000703f3000 	C:\desenvolvimento\ferramentas\jdks\jdk1.8.0_45-x64\jre\bin\server\jvm.dll
0x000007fef72f0000 - 0x000007fef72f9000 	C:\windows\system32\WSOCK32.dll
0x000007fefd850000 - 0x000007fefd89d000 	C:\windows\system32\WS2_32.dll
0x000007fefda80000 - 0x000007fefda88000 	C:\windows\system32\NSI.dll
0x000007fefa700000 - 0x000007fefa73b000 	C:\windows\system32\WINMM.dll
0x000007fefbc60000 - 0x000007fefbc6c000 	C:\windows\system32\VERSION.dll
0x0000000077010000 - 0x0000000077017000 	C:\windows\system32\PSAPI.DLL
0x00000000724f0000 - 0x00000000724ff000 	C:\desenvolvimento\ferramentas\jdks\jdk1.8.0_45-x64\jre\bin\verify.dll
0x000000006e670000 - 0x000000006e699000 	C:\desenvolvimento\ferramentas\jdks\jdk1.8.0_45-x64\jre\bin\java.dll
0x000000006cb40000 - 0x000000006cb75000 	C:\desenvolvimento\ferramentas\jdks\jdk1.8.0_45-x64\jre\bin\jdwp.dll
0x0000000072ab0000 - 0x0000000072ab8000 	C:\desenvolvimento\ferramentas\jdks\jdk1.8.0_45-x64\jre\bin\npt.dll
0x0000000071a00000 - 0x0000000071a16000 	C:\desenvolvimento\ferramentas\jdks\jdk1.8.0_45-x64\jre\bin\zip.dll
0x000007fefe1b0000 - 0x000007fefef39000 	C:\windows\system32\SHELL32.dll
0x000007fefef40000 - 0x000007feff143000 	C:\windows\system32\ole32.dll
0x000007fefcb90000 - 0x000007fefcb9f000 	C:\windows\system32\profapi.dll
0x0000000072a90000 - 0x0000000072a99000 	C:\desenvolvimento\ferramentas\jdks\jdk1.8.0_45-x64\jre\bin\dt_socket.dll
0x000007fefa7a0000 - 0x000007fefa7b5000 	C:\windows\system32\NLAapi.dll
0x000007fef9250000 - 0x000007fef9265000 	C:\windows\system32\napinsp.dll
0x000007fef9270000 - 0x000007fef9289000 	C:\windows\system32\pnrpnsp.dll
0x000007fefc340000 - 0x000007fefc395000 	C:\windows\System32\mswsock.dll
0x000007fefc170000 - 0x000007fefc1cb000 	C:\windows\system32\DNSAPI.dll
0x000007fef95e0000 - 0x000007fef95eb000 	C:\windows\System32\winrnr.dll
0x000007fef9f10000 - 0x000007fef9f37000 	C:\windows\system32\IPHLPAPI.DLL
0x000007fef9f00000 - 0x000007fef9f0b000 	C:\windows\system32\WINNSI.DLL
0x000007fef9d10000 - 0x000007fef9d63000 	C:\windows\System32\fwpuclnt.dll
0x000007fef9680000 - 0x000007fef9688000 	C:\windows\system32\rasadhlp.dll
0x000007fefbd30000 - 0x000007fefbd37000 	C:\windows\System32\wshtcpip.dll
0x000000006e650000 - 0x000000006e66a000 	C:\desenvolvimento\ferramentas\jdks\jdk1.8.0_45-x64\jre\bin\net.dll
0x000007fefc5b0000 - 0x000007fefc5b7000 	C:\windows\System32\wship6.dll
0x000007fef9e30000 - 0x000007fef9e41000 	C:\windows\system32\dhcpcsvc6.DLL
0x000007fef9e10000 - 0x000007fef9e28000 	C:\windows\system32\dhcpcsvc.DLL
0x0000000072730000 - 0x000000007273d000 	C:\desenvolvimento\ferramentas\jdks\jdk1.8.0_45-x64\jre\bin\management.dll
0x000000006e630000 - 0x000000006e641000 	C:\desenvolvimento\ferramentas\jdks\jdk1.8.0_45-x64\jre\bin\nio.dll
0x000007fefc3a0000 - 0x000007fefc3b8000 	C:\windows\system32\CRYPTSP.dll
0x000007fefc070000 - 0x000007fefc0b7000 	C:\windows\system32\rsaenh.dll
0x000007fefcf10000 - 0x000007fefcf2e000 	C:\windows\system32\USERENV.dll
0x000007fefca20000 - 0x000007fefca2f000 	C:\windows\system32\CRYPTBASE.dll
0x000007fef5740000 - 0x000007fef578e000 	C:\windows\system32\pdh.dll
0x000007fefbc30000 - 0x000007fefbc5d000 	C:\windows\system32\ntmarta.dll
0x000007fefdb30000 - 0x000007fefdb82000 	C:\windows\system32\WLDAP32.dll
0x000007fef72d0000 - 0x000007fef72de000 	C:\windows\System32\perfproc.dll
0x000007fef48c0000 - 0x000007fef48cb000 	C:\windows\System32\perfos.dll
0x0000000180000000 - 0x0000000180038000 	C:\Users\viniciusk\AppData\Local\Temp\jna-1722120313\jna3748554038077900297.dll
0x000000006b110000 - 0x000000006b134000 	C:\desenvolvimento\ferramentas\jdks\jdk1.8.0_45-x64\jre\bin\sunec.dll
0x000007fef5320000 - 0x000007fef5445000 	C:\windows\system32\dbghelp.dll

VM Arguments:
jvm_args: -agentlib:jdwp=transport=dt_socket,suspend=y,address=localhost:51640 -Dspring.profiles.active=development,e2e -Dfile.encoding=UTF-8 
java_command: br.jus.stf.autuacao.distribuicao.ApplicationContextInitializer
java_class_path (initial): C:\local\stfdigital\stfdigital\autuacao\distribuicao\bin;C:\Users\viniciusk\.gradle\caches\modules-2\files-2.1\org.springframework.boot\spring-boot-starter\1.4.0.RELEASE\9eb9be27958cc17de9673a6fbbdaf16fb65a7fdc\spring-boot-starter-1.4.0.RELEASE.jar;C:\Users\viniciusk\.gradle\caches\modules-2\files-2.1\org.springframework.boot\spring-boot-starter-actuator\1.4.0.RELEASE\5c90608bb9605b0aa3b26fb176acad01242672a\spring-boot-starter-actuator-1.4.0.RELEASE.jar;C:\Users\viniciusk\.gradle\caches\modules-2\files-2.1\org.springframework.boot\spring-boot-starter-web\1.4.0.RELEASE\bcefa854b75a7e0bcf612bfbe030bdcb05c9da82\spring-boot-starter-web-1.4.0.RELEASE.jar;C:\Users\viniciusk\.gradle\caches\modules-2\files-2.1\org.springframework.boot\spring-boot-starter-undertow\1.4.0.RELEASE\b624eb15a4ef4e2cb2ed857425a82782e93d66d6\spring-boot-starter-undertow-1.4.0.RELEASE.jar;C:\Users\viniciusk\.gradle\caches\modules-2\files-2.1\org.springframework.cloud\spring-cloud-starter-config\1.1.3.RELEASE\4e01c4f1b5e54cd8e6f758011b585fc761c7d382\spring-cloud-starter-config-1.1.3.RELEASE.jar;C:\Users\viniciusk\.gradle\caches\modules-2\files-2.1\org.springframework.cloud\spring-cloud-starter-oauth2\1.1.2.RELEASE\cef4c597fe65d18c1226bbfeae59f4be45050fcb\spring-cloud-starter-oauth2-1.1.2.RELEASE.jar;C:\Users\viniciusk\.gradle\caches\modules-2\files-2.1\org.springframework.boot\spring-boot-starter-security\1.4.0.RELEASE\5109b4ded64b8ae97779a977738cb1e3ae23b9d1\spring-boot-starter-security-1.4.0.RELEASE.jar;C:\Users\viniciusk\.gradle\caches\modules-2\files-2.1\org.springframework.cloud\spring-cloud-starter-feign\1.1.5.RELEASE\1097226887e7ca4f9b64bb9ed323519e1d07e77d\spring-cloud-starter-feign-1.1.5.RELEASE.jar;C:\Users\viniciusk\.gradle\caches\modules-2\files-2.1\org.springframework.cloud\spring-cloud-starter-hystrix\1.1.5.RELEASE\563a78e91208984ff1ff371c5ddfe7f6e975be4d\spring-cloud-starter-hystrix-1.1.5.RELEASE.jar;C:\Users\viniciusk\.gradle\caches\modules-2\files-2.1\org
Launcher Type: SUN_STANDARD

Environment Variables:
JAVA_HOME=C:\desenvolvimento\ferramentas\jdks\jdk1.8.0_45-x64
JRE_HOME=C:\desenvolvimento\ferramentas\jdks\jdk1.8.0_45-x64\jre
PATH=C:/desenvolvimento/ferramentas/jdks/jdk1.8.0_45-x64/bin/../jre/bin/server;C:/desenvolvimento/ferramentas/jdks/jdk1.8.0_45-x64/bin/../jre/bin;C:/desenvolvimento/ferramentas/jdks/jdk1.8.0_45-x64/bin/../jre/lib/amd64;C:\desenvolvimento\ferramentas\jdks\jdk1.8.0_45-x64\bin;C:\Program Files (x86)\Intel\iCLS Client\;C:\Program Files\Intel\iCLS Client\;C:\oracle\product\11.2.0\client\bin;C:\windows\system32;C:\windows;C:\windows\system32\wbem;C:\windows\system32\windowspowershell\v1.0\;C:\desenvolvimento\ferramentas\jdks\jdk1.8.0_45-x64\jre\bin;C:\Program Files\Aladdin\eToken\PKIClient\x32;C:\Program Files\Aladdin\eToken\PKIClient\x64;C:\Program Files (x86)\LibreOffice 3\program;C:\Program Files (x86)\STFOffice-BrOo-2.4.0\program;C:\SEARCH\bin;C:\SEARCH\CLIENT;C:\Program Files\SourceGear\Common\DiffMerge\;C:\HashiCorp\Vagrant\bin;C:\sdk\tools\maven\apache-maven-2.2.1\bin;C:\sdk\tools\apache-ant-1.8.2-bin\bin;C:\sdk\tools\jad;C:\Program Files\TortoiseSVN\bin;C:\Program Files\Puppet Labs\Puppet Enterprise\bin;C:\Program Files\Intel\Intel(R) Management Engine Components\DAL;C:\Program Files\Intel\Intel(R) Management Engine Components\IPT;C:\Program Files (x86)\Intel\Intel(R) Management Engine Components\DAL;C:\Program Files (x86)\Intel\Intel(R) Management Engine Components\IPT;C:\Program Files (x86)\Enterprise Vault\EVClient\;C:\desenvolvimento\ferramentas\apache-maven-3.1.1\bin;C:\desenvolvimento\ferramentas\apache-maven-3.1.1;C:\Program Files\Git\cmd;C:\Program Files\Git\bin;C:\desenvolvimento\ferramentas\gradle-2.12\bin;C:\desenvolvimento\ferramentas\nodejs\;C:\windows\System32\WindowsPowerShell\v1.0\;C:\Program Files (x86)\LibreOffice 3\program;C:\Program Files (x86)\Microsoft VS Code\bin;C:\Program Files\Docker Toolbox;C:\desenvolvimento\ferramentas\gradle-2.12\bin;C:\Users\viniciusk\AppData\Roaming\npm;C:\desenvolvimento\ides\eclipse;
USERNAME=viniciusk
OS=Windows_NT
PROCESSOR_IDENTIFIER=Intel64 Family 6 Model 60 Stepping 3, GenuineIntel



---------------  S Y S T E M  ---------------

OS: Windows 7 , 64 bit Build 7601 (6.1.7601.23418)

CPU:total 4 (4 cores per cpu, 1 threads per core) family 6 model 60 stepping 3, cmov, cx8, fxsr, mmx, sse, sse2, sse3, ssse3, sse4.1, sse4.2, popcnt, avx, avx2, aes, clmul, erms, rtm, lzcnt, tsc, tscinvbit, bmi1, bmi2

Memory: 4k page, physical 8266124k(202372k free), swap 18014724k(3593884k free)

vm_info: Java HotSpot(TM) 64-Bit Server VM (25.45-b02) for windows-amd64 JRE (1.8.0_45-b15), built on Apr 30 2015 12:40:44 by "java_re" with MS VC++ 10.0 (VS2010)

time: Fri Sep 23 15:08:04 2016
elapsed time: 68515 seconds (0d 19h 1m 55s)

